============================= test session starts ==============================
platform linux -- Python 3.13.12, pytest-8.0.0, pluggy-1.6.0 -- /opt/venv/bin/python3.13
cachedir: .pytest_cache
rootdir: /a0/usr/projects/Development/hammarby_website
configfile: pytest.ini
plugins: flask-1.3.0, requests-mock-1.12.1, mock-3.15.1, cov-7.0.0, anyio-4.12.1
collecting ... collected 121 items

tests/test_app.py::TestAppCreation::test_app_creates_successfully PASSED [  0%]
tests/test_app.py::TestAppCreation::test_app_has_secret_key PASSED       [  1%]
tests/test_app.py::TestAppCreation::test_app_has_upload_folder PASSED    [  2%]
tests/test_app.py::TestAppCreation::test_app_has_max_content_length PASSED [  3%]
tests/test_app.py::TestAppCreation::test_upload_folder_exists PASSED     [  4%]
tests/test_app.py::TestProxyFix::test_proxy_fix_is_configured PASSED     [  4%]
tests/test_app.py::TestProxyFix::test_proxy_fix_x_for PASSED             [  5%]
tests/test_app.py::TestErrorHandlers::test_404_error_handler PASSED      [  6%]
tests/test_app.py::TestErrorHandlers::test_500_error_handler PASSED      [  7%]
tests/test_app.py::TestTemplates::test_base_template_exists PASSED       [  8%]
tests/test_app.py::TestTemplates::test_base_template_renders PASSED      [  9%]
tests/test_app.py::TestStaticFiles::test_static_folder_configured PASSED [  9%]
tests/test_app.py::TestStaticFiles::test_css_file_accessible PASSED      [ 10%]
tests/test_app.py::TestStaticFiles::test_js_file_accessible PASSED       [ 11%]
tests/test_authentication.py::TestLogin::test_login_with_valid_credentials FAILED [ 12%]
tests/test_authentication.py::TestLogin::test_login_with_invalid_credentials FAILED [ 13%]
tests/test_authentication.py::TestLogin::test_login_with_missing_username FAILED [ 14%]
tests/test_authentication.py::TestLogin::test_login_with_missing_password FAILED [ 14%]
tests/test_authentication.py::TestLogin::test_login_with_nonexistent_user FAILED [ 15%]

=================================== FAILURES ===================================
/a0/usr/projects/Development/hammarby_website/tests/test_authentication.py:17: assert 404 == 200
/a0/usr/projects/Development/hammarby_website/tests/test_authentication.py:28: assert 404 == 200
/a0/usr/projects/Development/hammarby_website/tests/test_authentication.py:38: assert 404 == 200
/a0/usr/projects/Development/hammarby_website/tests/test_authentication.py:48: assert 404 == 200
/a0/usr/projects/Development/hammarby_website/tests/test_authentication.py:59: assert 404 == 200
=========================== short test summary info ============================
FAILED tests/test_authentication.py::TestLogin::test_login_with_valid_credentials
FAILED tests/test_authentication.py::TestLogin::test_login_with_invalid_credentials
FAILED tests/test_authentication.py::TestLogin::test_login_with_missing_username
FAILED tests/test_authentication.py::TestLogin::test_login_with_missing_password
FAILED tests/test_authentication.py::TestLogin::test_login_with_nonexistent_user
!!!!!!!!!!!!!!!!!!!!!!!!!! stopping after 5 failures !!!!!!!!!!!!!!!!!!!!!!!!!!!
========================= 5 failed, 14 passed in 0.16s =========================
